<?xml version="1.0" encoding="utf-8"?>
<TestRun id="b1a1466c-7e28-4965-9e75-84d75d968298" name="Furka@DESKTOP-SPSCQM7 2020-04-29 17:08:03" runUser="DESKTOP-SPSCQM7\Furka" xmlns="http://microsoft.com/schemas/VisualStudio/TeamTest/2010">
  <Times creation="2020-04-29T17:08:04.0165244+02:00" queuing="2020-04-29T17:08:04.0165263+02:00" start="2020-04-29T17:08:01.8636599+02:00" finish="2020-04-29T17:08:04.0340778+02:00" />
  <TestSettings name="default" id="a435b192-16c3-40b8-b137-420fb10a31df">
    <Deployment runDeploymentRoot="Furka_DESKTOP-SPSCQM7_2020-04-29_17_08_03" />
  </TestSettings>
  <Results>
    <UnitTestResult executionId="f67a78f1-ca6e-4b57-b2e4-1cd36695690a" testId="e42a8c12-67e3-0f6b-b390-40020c2c22a4" testName="Fambook.UserService.DataAccess.XTest.UserRepoTest.Remove_UserObjectPassed_ProperMethodCalled" computerName="DESKTOP-SPSCQM7" duration="00:00:00.0074953" startTime="2020-04-29T17:08:03.7872989+02:00" endTime="2020-04-29T17:08:03.7873016+02:00" testType="13cdc9d9-ddb5-4fa4-a97d-d965ccfc6d4b" outcome="Passed" testListId="8c84fa94-04c1-424b-9868-57a2d4851a1d" relativeResultsDirectory="f67a78f1-ca6e-4b57-b2e4-1cd36695690a" />
    <UnitTestResult executionId="58736dd7-200b-42c9-ab2c-57d30476cfe4" testId="e3e905e0-ffdf-924a-d91f-014ee7e05ac9" testName="Fambook.UserService.DataAccess.XTest.UserRepoTest.Add_UserObjectPassed_ProperMethodCalled" computerName="DESKTOP-SPSCQM7" duration="00:00:00.0029367" startTime="2020-04-29T17:08:03.7903140+02:00" endTime="2020-04-29T17:08:03.7903165+02:00" testType="13cdc9d9-ddb5-4fa4-a97d-d965ccfc6d4b" outcome="Passed" testListId="8c84fa94-04c1-424b-9868-57a2d4851a1d" relativeResultsDirectory="58736dd7-200b-42c9-ab2c-57d30476cfe4" />
    <UnitTestResult executionId="ceaf618a-1693-43c9-9569-16f6589aae23" testId="ac0b48ca-362d-cf49-eccd-54e6bba64271" testName="Fambook.UserService.DataAccess.XTest.UserRepoTest.GetAll_UserObjectPassed_ProperMethodCalled" computerName="DESKTOP-SPSCQM7" duration="00:00:00.0391853" startTime="2020-04-29T17:08:03.7699890+02:00" endTime="2020-04-29T17:08:03.7699913+02:00" testType="13cdc9d9-ddb5-4fa4-a97d-d965ccfc6d4b" outcome="Passed" testListId="8c84fa94-04c1-424b-9868-57a2d4851a1d" relativeResultsDirectory="ceaf618a-1693-43c9-9569-16f6589aae23" />
    <UnitTestResult executionId="e5d56b00-ae7c-4f12-887c-7edcac3a66bd" testId="dfcced47-1806-be5e-b39f-eec004555c21" testName="Fambook.UserService.DataAccess.XTest.UserRepoTest.GetFirstOrDefault_UserObjectPassed_ProperMethodCalled" computerName="DESKTOP-SPSCQM7" duration="00:00:00.0095856" startTime="2020-04-29T17:08:03.7797020+02:00" endTime="2020-04-29T17:08:03.7797045+02:00" testType="13cdc9d9-ddb5-4fa4-a97d-d965ccfc6d4b" outcome="Passed" testListId="8c84fa94-04c1-424b-9868-57a2d4851a1d" relativeResultsDirectory="e5d56b00-ae7c-4f12-887c-7edcac3a66bd" />
    <UnitTestResult executionId="53b5fb78-2653-463f-8938-b870f9bdbc40" testId="0336273b-2705-90f8-d739-59d8c5419941" testName="Fambook.UserService.DataAccess.XTest.UserRepoTest.Get_UserObjectPassed_ProperMethodCalled" computerName="DESKTOP-SPSCQM7" duration="00:00:00.2861031" startTime="2020-04-29T17:08:03.7310510+02:00" endTime="2020-04-29T17:08:03.7312170+02:00" testType="13cdc9d9-ddb5-4fa4-a97d-d965ccfc6d4b" outcome="Passed" testListId="8c84fa94-04c1-424b-9868-57a2d4851a1d" relativeResultsDirectory="53b5fb78-2653-463f-8938-b870f9bdbc40" />
  </Results>
  <TestDefinitions>
    <UnitTest name="Fambook.UserService.DataAccess.XTest.UserRepoTest.Add_UserObjectPassed_ProperMethodCalled" storage="d:\projects\fambook\src\services\fambook.userservice\fambook.userservice.dataaccess.xtest\bin\debug\netcoreapp3.1\fambook.userservice.dataaccess.xtest.dll" id="e3e905e0-ffdf-924a-d91f-014ee7e05ac9">
      <Execution id="58736dd7-200b-42c9-ab2c-57d30476cfe4" />
      <TestMethod codeBase="D:\Projects\Fambook\src\services\Fambook.UserService\Fambook.UserService.DataAccess.XTest\bin\Debug\netcoreapp3.1\Fambook.UserService.DataAccess.XTest.dll" adapterTypeName="executor://xunit/VsTestRunner2/netcoreapp" className="Fambook.UserService.DataAccess.XTest.UserRepoTest" name="Fambook.UserService.DataAccess.XTest.UserRepoTest.Add_UserObjectPassed_ProperMethodCalled" />
    </UnitTest>
    <UnitTest name="Fambook.UserService.DataAccess.XTest.UserRepoTest.GetFirstOrDefault_UserObjectPassed_ProperMethodCalled" storage="d:\projects\fambook\src\services\fambook.userservice\fambook.userservice.dataaccess.xtest\bin\debug\netcoreapp3.1\fambook.userservice.dataaccess.xtest.dll" id="dfcced47-1806-be5e-b39f-eec004555c21">
      <Execution id="e5d56b00-ae7c-4f12-887c-7edcac3a66bd" />
      <TestMethod codeBase="D:\Projects\Fambook\src\services\Fambook.UserService\Fambook.UserService.DataAccess.XTest\bin\Debug\netcoreapp3.1\Fambook.UserService.DataAccess.XTest.dll" adapterTypeName="executor://xunit/VsTestRunner2/netcoreapp" className="Fambook.UserService.DataAccess.XTest.UserRepoTest" name="Fambook.UserService.DataAccess.XTest.UserRepoTest.GetFirstOrDefault_UserObjectPassed_ProperMethodCalled" />
    </UnitTest>
    <UnitTest name="Fambook.UserService.DataAccess.XTest.UserRepoTest.GetAll_UserObjectPassed_ProperMethodCalled" storage="d:\projects\fambook\src\services\fambook.userservice\fambook.userservice.dataaccess.xtest\bin\debug\netcoreapp3.1\fambook.userservice.dataaccess.xtest.dll" id="ac0b48ca-362d-cf49-eccd-54e6bba64271">
      <Execution id="ceaf618a-1693-43c9-9569-16f6589aae23" />
      <TestMethod codeBase="D:\Projects\Fambook\src\services\Fambook.UserService\Fambook.UserService.DataAccess.XTest\bin\Debug\netcoreapp3.1\Fambook.UserService.DataAccess.XTest.dll" adapterTypeName="executor://xunit/VsTestRunner2/netcoreapp" className="Fambook.UserService.DataAccess.XTest.UserRepoTest" name="Fambook.UserService.DataAccess.XTest.UserRepoTest.GetAll_UserObjectPassed_ProperMethodCalled" />
    </UnitTest>
    <UnitTest name="Fambook.UserService.DataAccess.XTest.UserRepoTest.Get_UserObjectPassed_ProperMethodCalled" storage="d:\projects\fambook\src\services\fambook.userservice\fambook.userservice.dataaccess.xtest\bin\debug\netcoreapp3.1\fambook.userservice.dataaccess.xtest.dll" id="0336273b-2705-90f8-d739-59d8c5419941">
      <Execution id="53b5fb78-2653-463f-8938-b870f9bdbc40" />
      <TestMethod codeBase="D:\Projects\Fambook\src\services\Fambook.UserService\Fambook.UserService.DataAccess.XTest\bin\Debug\netcoreapp3.1\Fambook.UserService.DataAccess.XTest.dll" adapterTypeName="executor://xunit/VsTestRunner2/netcoreapp" className="Fambook.UserService.DataAccess.XTest.UserRepoTest" name="Fambook.UserService.DataAccess.XTest.UserRepoTest.Get_UserObjectPassed_ProperMethodCalled" />
    </UnitTest>
    <UnitTest name="Fambook.UserService.DataAccess.XTest.UserRepoTest.Remove_UserObjectPassed_ProperMethodCalled" storage="d:\projects\fambook\src\services\fambook.userservice\fambook.userservice.dataaccess.xtest\bin\debug\netcoreapp3.1\fambook.userservice.dataaccess.xtest.dll" id="e42a8c12-67e3-0f6b-b390-40020c2c22a4">
      <Execution id="f67a78f1-ca6e-4b57-b2e4-1cd36695690a" />
      <TestMethod codeBase="D:\Projects\Fambook\src\services\Fambook.UserService\Fambook.UserService.DataAccess.XTest\bin\Debug\netcoreapp3.1\Fambook.UserService.DataAccess.XTest.dll" adapterTypeName="executor://xunit/VsTestRunner2/netcoreapp" className="Fambook.UserService.DataAccess.XTest.UserRepoTest" name="Fambook.UserService.DataAccess.XTest.UserRepoTest.Remove_UserObjectPassed_ProperMethodCalled" />
    </UnitTest>
  </TestDefinitions>
  <TestEntries>
    <TestEntry testId="e42a8c12-67e3-0f6b-b390-40020c2c22a4" executionId="f67a78f1-ca6e-4b57-b2e4-1cd36695690a" testListId="8c84fa94-04c1-424b-9868-57a2d4851a1d" />
    <TestEntry testId="e3e905e0-ffdf-924a-d91f-014ee7e05ac9" executionId="58736dd7-200b-42c9-ab2c-57d30476cfe4" testListId="8c84fa94-04c1-424b-9868-57a2d4851a1d" />
    <TestEntry testId="ac0b48ca-362d-cf49-eccd-54e6bba64271" executionId="ceaf618a-1693-43c9-9569-16f6589aae23" testListId="8c84fa94-04c1-424b-9868-57a2d4851a1d" />
    <TestEntry testId="dfcced47-1806-be5e-b39f-eec004555c21" executionId="e5d56b00-ae7c-4f12-887c-7edcac3a66bd" testListId="8c84fa94-04c1-424b-9868-57a2d4851a1d" />
    <TestEntry testId="0336273b-2705-90f8-d739-59d8c5419941" executionId="53b5fb78-2653-463f-8938-b870f9bdbc40" testListId="8c84fa94-04c1-424b-9868-57a2d4851a1d" />
  </TestEntries>
  <TestLists>
    <TestList name="Results Not in a List" id="8c84fa94-04c1-424b-9868-57a2d4851a1d" />
    <TestList name="All Loaded Results" id="19431567-8539-422a-85d7-44ee4e166bda" />
  </TestLists>
  <ResultSummary outcome="Completed">
    <Counters total="5" executed="5" passed="5" failed="0" error="0" timeout="0" aborted="0" inconclusive="0" passedButRunAborted="0" notRunnable="0" notExecuted="0" disconnected="0" warning="0" completed="0" inProgress="0" pending="0" />
    <Output>
      <StdOut>[xUnit.net 00:00:00.00] xUnit.net VSTest Adapter v2.4.0 (64-bit .NET Core 3.1.1)&#xD;
[xUnit.net 00:00:00.68]   Discovering: Fambook.UserService.DataAccess.XTest&#xD;
[xUnit.net 00:00:00.73]   Discovered:  Fambook.UserService.DataAccess.XTest&#xD;
[xUnit.net 00:00:00.74]   Starting:    Fambook.UserService.DataAccess.XTest&#xD;
[xUnit.net 00:00:01.19]   Finished:    Fambook.UserService.DataAccess.XTest&#xD;
</StdOut>
    </Output>
  </ResultSummary>
</TestRun>